2026-01-08 09:17:51.169 [main] INFO  c.p.journalApp.JournalApplication - Starting JournalApplication using Java 21.0.1 with PID 8988 (D:\IndustryLearning\journal-app\journalApp\target\classes started by LENOVO in D:\IndustryLearning\journal-app)
2026-01-08 09:17:51.172 [main] INFO  c.p.journalApp.JournalApplication - The following 1 profile is active: "dev"
2026-01-08 09:17:52.234 [main] INFO  o.s.d.r.c.RepositoryConfigurationDelegate - Bootstrapping Spring Data MongoDB repositories in DEFAULT mode.
2026-01-08 09:17:52.368 [main] INFO  o.s.d.r.c.RepositoryConfigurationDelegate - Finished Spring Data repository scanning in 121 ms. Found 2 MongoDB repository interfaces.
2026-01-08 09:17:53.056 [main] INFO  o.s.b.w.e.tomcat.TomcatWebServer - Tomcat initialized with port 8080 (http)
2026-01-08 09:17:53.072 [main] INFO  o.a.coyote.http11.Http11NioProtocol - Initializing ProtocolHandler ["http-nio-8080"]
2026-01-08 09:17:53.076 [main] INFO  o.a.catalina.core.StandardService - Starting service [Tomcat]
2026-01-08 09:17:53.077 [main] INFO  o.a.catalina.core.StandardEngine - Starting Servlet engine: [Apache Tomcat/10.1.50]
2026-01-08 09:17:53.146 [main] INFO  o.a.c.c.C.[Tomcat].[localhost].[/] - Initializing Spring embedded WebApplicationContext
2026-01-08 09:17:53.147 [main] INFO  o.s.b.w.s.c.ServletWebServerApplicationContext - Root WebApplicationContext: initialization completed in 1900 ms
2026-01-08 09:17:53.571 [main] INFO  org.mongodb.driver.client - MongoClient with metadata {"application": {"name": "Cluster0"}, "driver": {"name": "mongo-java-driver|sync|spring-boot", "version": "5.5.2"}, "os": {"type": "Windows", "name": "Windows 11", "architecture": "amd64", "version": "10.0"}, "platform": "Java/Oracle Corporation/21.0.1+12-LTS-29"} created with settings MongoClientSettings{readPreference=primary, writeConcern=WriteConcern{w=null, wTimeout=null ms, journal=null}, retryWrites=true, retryReads=true, readConcern=ReadConcern{level=null}, credential=MongoCredential{mechanism=null, userName='ayushianand088_db_user', source='admin', password=<hidden>, mechanismProperties=<hidden>}, transportSettings=null, commandListeners=[], codecRegistry=ProvidersCodecRegistry{codecProviders=[ValueCodecProvider{}, BsonValueCodecProvider{}, DBRefCodecProvider{}, DBObjectCodecProvider{}, DocumentCodecProvider{}, CollectionCodecProvider{}, IterableCodecProvider{}, MapCodecProvider{}, GeoJsonCodecProvider{}, GridFSFileCodecProvider{}, Jsr310CodecProvider{}, JsonObjectCodecProvider{}, BsonCodecProvider{}, EnumCodecProvider{}, com.mongodb.client.model.mql.ExpressionCodecProvider@73e776b7, com.mongodb.Jep395RecordCodecProvider@113ee1ce, com.mongodb.KotlinCodecProvider@4d0cc83e]}, loggerSettings=LoggerSettings{maxDocumentLength=1000}, clusterSettings={hosts=[127.0.0.1:27017], srvHost=cluster0.q5buneu.mongodb.net, srvServiceName=mongodb, mode=MULTIPLE, requiredClusterType=REPLICA_SET, requiredReplicaSetName='atlas-u0k0u1-shard-0', serverSelector='null', clusterListeners='[]', serverSelectionTimeout='30000 ms', localThreshold='15 ms'}, socketSettings=SocketSettings{connectTimeoutMS=10000, readTimeoutMS=0, receiveBufferSize=0, proxySettings=ProxySettings{host=null, port=null, username=null, password=null}}, heartbeatSocketSettings=SocketSettings{connectTimeoutMS=10000, readTimeoutMS=10000, receiveBufferSize=0, proxySettings=ProxySettings{host=null, port=null, username=null, password=null}}, connectionPoolSettings=ConnectionPoolSettings{maxSize=100, minSize=0, maxWaitTimeMS=120000, maxConnectionLifeTimeMS=0, maxConnectionIdleTimeMS=0, maintenanceInitialDelayMS=0, maintenanceFrequencyMS=60000, connectionPoolListeners=[], maxConnecting=2}, serverSettings=ServerSettings{heartbeatFrequencyMS=10000, minHeartbeatFrequencyMS=500, serverMonitoringMode=AUTO, serverListeners='[]', serverMonitorListeners='[]'}, sslSettings=SslSettings{enabled=true, invalidHostNameAllowed=false, context=null}, applicationName='Cluster0', compressorList=[], uuidRepresentation=JAVA_LEGACY, serverApi=null, autoEncryptionSettings=null, dnsClient=null, inetAddressResolver=null, contextProvider=null, timeoutMS=null}
2026-01-08 09:17:53.576 [cluster-ClusterId{value='695f28e91c3299f28d72cefb', description='Cluster0'}-srv-cluster0.q5buneu.mongodb.net] INFO  org.mongodb.driver.cluster - Adding discovered server ac-pohkany-shard-00-02.q5buneu.mongodb.net:27017 to client view of cluster
2026-01-08 09:17:53.625 [cluster-ClusterId{value='695f28e91c3299f28d72cefb', description='Cluster0'}-srv-cluster0.q5buneu.mongodb.net] INFO  org.mongodb.driver.cluster - Adding discovered server ac-pohkany-shard-00-00.q5buneu.mongodb.net:27017 to client view of cluster
2026-01-08 09:17:53.628 [cluster-ClusterId{value='695f28e91c3299f28d72cefb', description='Cluster0'}-srv-cluster0.q5buneu.mongodb.net] INFO  org.mongodb.driver.cluster - Adding discovered server ac-pohkany-shard-00-01.q5buneu.mongodb.net:27017 to client view of cluster
2026-01-08 09:17:54.012 [main] INFO  org.mongodb.driver.cluster - Waiting for server to become available for operation with ID 5. Remaining time: 29991 ms. Selector: WritableServerSelector, topology description: {type=REPLICA_SET, servers=[{address=ac-pohkany-shard-00-02.q5buneu.mongodb.net:27017, type=UNKNOWN, state=CONNECTING}, {address=ac-pohkany-shard-00-01.q5buneu.mongodb.net:27017, type=UNKNOWN, state=CONNECTING}, {address=ac-pohkany-shard-00-00.q5buneu.mongodb.net:27017, type=UNKNOWN, state=CONNECTING}].
2026-01-08 09:17:54.340 [cluster-ClusterId{value='695f28e91c3299f28d72cefb', description='Cluster0'}-ac-pohkany-shard-00-00.q5buneu.mongodb.net:27017] INFO  org.mongodb.driver.cluster - Monitor thread successfully connected to server with description ServerDescription{address=ac-pohkany-shard-00-00.q5buneu.mongodb.net:27017, type=REPLICA_SET_SECONDARY, cryptd=false, state=CONNECTED, ok=true, minWireVersion=0, maxWireVersion=25, maxDocumentSize=16777216, logicalSessionTimeoutMinutes=30, roundTripTimeNanos=359770200, minRoundTripTimeNanos=0, setName='atlas-u0k0u1-shard-0', canonicalAddress=ac-pohkany-shard-00-00.q5buneu.mongodb.net:27017, hosts=[ac-pohkany-shard-00-00.q5buneu.mongodb.net:27017, ac-pohkany-shard-00-01.q5buneu.mongodb.net:27017, ac-pohkany-shard-00-02.q5buneu.mongodb.net:27017], passives=[], arbiters=[], primary='ac-pohkany-shard-00-02.q5buneu.mongodb.net:27017', tagSet=TagSet{[Tag{name='availabilityZone', value='aps1-az1'}, Tag{name='diskState', value='READY'}, Tag{name='nodeType', value='ELECTABLE'}, Tag{name='provider', value='AWS'}, Tag{name='region', value='AP_SOUTH_1'}, Tag{name='workloadType', value='OPERATIONAL'}]}, electionId=null, setVersion=46, topologyVersion=TopologyVersion{processId=6942c63decaea432560f418e, counter=4}, lastWriteDate=Thu Jan 08 09:17:53 IST 2026, lastUpdateTimeNanos=260917528553200}
2026-01-08 09:17:54.340 [cluster-ClusterId{value='695f28e91c3299f28d72cefb', description='Cluster0'}-ac-pohkany-shard-00-02.q5buneu.mongodb.net:27017] INFO  org.mongodb.driver.cluster - Monitor thread successfully connected to server with description ServerDescription{address=ac-pohkany-shard-00-02.q5buneu.mongodb.net:27017, type=REPLICA_SET_PRIMARY, cryptd=false, state=CONNECTED, ok=true, minWireVersion=0, maxWireVersion=25, maxDocumentSize=16777216, logicalSessionTimeoutMinutes=30, roundTripTimeNanos=359770300, minRoundTripTimeNanos=0, setName='atlas-u0k0u1-shard-0', canonicalAddress=ac-pohkany-shard-00-02.q5buneu.mongodb.net:27017, hosts=[ac-pohkany-shard-00-00.q5buneu.mongodb.net:27017, ac-pohkany-shard-00-01.q5buneu.mongodb.net:27017, ac-pohkany-shard-00-02.q5buneu.mongodb.net:27017], passives=[], arbiters=[], primary='ac-pohkany-shard-00-02.q5buneu.mongodb.net:27017', tagSet=TagSet{[Tag{name='availabilityZone', value='aps1-az2'}, Tag{name='diskState', value='READY'}, Tag{name='nodeType', value='ELECTABLE'}, Tag{name='provider', value='AWS'}, Tag{name='region', value='AP_SOUTH_1'}, Tag{name='workloadType', value='OPERATIONAL'}]}, electionId=7fffffff0000000000000101, setVersion=46, topologyVersion=TopologyVersion{processId=6942c679fb33d15a50877229, counter=6}, lastWriteDate=Thu Jan 08 09:17:53 IST 2026, lastUpdateTimeNanos=260917528553100}
2026-01-08 09:17:54.340 [cluster-ClusterId{value='695f28e91c3299f28d72cefb', description='Cluster0'}-ac-pohkany-shard-00-01.q5buneu.mongodb.net:27017] INFO  org.mongodb.driver.cluster - Monitor thread successfully connected to server with description ServerDescription{address=ac-pohkany-shard-00-01.q5buneu.mongodb.net:27017, type=REPLICA_SET_SECONDARY, cryptd=false, state=CONNECTED, ok=true, minWireVersion=0, maxWireVersion=25, maxDocumentSize=16777216, logicalSessionTimeoutMinutes=30, roundTripTimeNanos=359770300, minRoundTripTimeNanos=0, setName='atlas-u0k0u1-shard-0', canonicalAddress=ac-pohkany-shard-00-01.q5buneu.mongodb.net:27017, hosts=[ac-pohkany-shard-00-00.q5buneu.mongodb.net:27017, ac-pohkany-shard-00-01.q5buneu.mongodb.net:27017, ac-pohkany-shard-00-02.q5buneu.mongodb.net:27017], passives=[], arbiters=[], primary='ac-pohkany-shard-00-02.q5buneu.mongodb.net:27017', tagSet=TagSet{[Tag{name='availabilityZone', value='aps1-az3'}, Tag{name='diskState', value='READY'}, Tag{name='nodeType', value='ELECTABLE'}, Tag{name='provider', value='AWS'}, Tag{name='region', value='AP_SOUTH_1'}, Tag{name='workloadType', value='OPERATIONAL'}]}, electionId=null, setVersion=46, topologyVersion=TopologyVersion{processId=6942c6b50dd0e3bb04d27999, counter=3}, lastWriteDate=Thu Jan 08 09:17:53 IST 2026, lastUpdateTimeNanos=260917528553200}
2026-01-08 09:17:54.348 [cluster-ClusterId{value='695f28e91c3299f28d72cefb', description='Cluster0'}-ac-pohkany-shard-00-02.q5buneu.mongodb.net:27017] INFO  org.mongodb.driver.cluster - Discovered replica set primary ac-pohkany-shard-00-02.q5buneu.mongodb.net:27017 with max election id 7fffffff0000000000000101 and max set version 46
2026-01-08 09:17:55.268 [main] INFO  o.s.s.c.a.a.c.InitializeUserDetailsBeanManagerConfigurer$InitializeUserDetailsManagerConfigurer - Global AuthenticationManager configured with UserDetailsService bean with name customUserDetailsServiceImpl
2026-01-08 09:17:55.745 [main] INFO  o.a.coyote.http11.Http11NioProtocol - Starting ProtocolHandler ["http-nio-8080"]
2026-01-08 09:17:55.763 [main] INFO  o.s.b.w.e.tomcat.TomcatWebServer - Tomcat started on port 8080 (http) with context path '/'
2026-01-08 09:17:55.774 [main] INFO  c.p.journalApp.JournalApplication - Started JournalApplication in 5.187 seconds (process running for 5.895)
2026-01-08 09:18:21.338 [http-nio-8080-exec-2] INFO  o.a.c.c.C.[Tomcat].[localhost].[/] - Initializing Spring DispatcherServlet 'dispatcherServlet'
2026-01-08 09:18:21.339 [http-nio-8080-exec-2] INFO  o.s.web.servlet.DispatcherServlet - Initializing Servlet 'dispatcherServlet'
2026-01-08 09:18:21.341 [http-nio-8080-exec-2] INFO  o.s.web.servlet.DispatcherServlet - Completed initialization in 2 ms
2026-01-08 09:18:22.209 [http-nio-8080-exec-2] ERROR c.p.journalApp.service.UserService - Error occurred for Ayushi: 
org.springframework.dao.DuplicateKeyException: Write operation error on server ac-pohkany-shard-00-02.q5buneu.mongodb.net:27017. Write error: WriteError{code=11000, message='E11000 duplicate key error collection: journaldb.users index: userName dup key: { userName: "Ayushi" }', details={}}.
	at org.springframework.data.mongodb.core.MongoExceptionTranslator.doTranslateException(MongoExceptionTranslator.java:108)
	at org.springframework.data.mongodb.core.MongoExceptionTranslator.translateExceptionIfPossible(MongoExceptionTranslator.java:74)
	at org.springframework.data.mongodb.core.MongoTemplate.potentiallyConvertRuntimeException(MongoTemplate.java:3043)
	at org.springframework.data.mongodb.core.MongoTemplate.execute(MongoTemplate.java:618)
	at org.springframework.data.mongodb.core.MongoTemplate.insertDocument(MongoTemplate.java:1568)
	at org.springframework.data.mongodb.core.MongoTemplate.doInsert(MongoTemplate.java:1366)
	at org.springframework.data.mongodb.core.MongoTemplate.insert(MongoTemplate.java:1292)
	at org.springframework.data.mongodb.repository.support.SimpleMongoRepository.save(SimpleMongoRepository.java:98)
	at java.base/jdk.internal.reflect.DirectMethodHandleAccessor.invoke(DirectMethodHandleAccessor.java:103)
	at java.base/java.lang.reflect.Method.invoke(Method.java:580)
	at org.springframework.aop.support.AopUtils.invokeJoinpointUsingReflection(AopUtils.java:360)
	at org.springframework.data.repository.core.support.RepositoryMethodInvoker$RepositoryFragmentMethodInvoker.lambda$new$0(RepositoryMethodInvoker.java:277)
	at org.springframework.data.repository.core.support.RepositoryMethodInvoker.doInvoke(RepositoryMethodInvoker.java:170)
	at org.springframework.data.repository.core.support.RepositoryMethodInvoker.invoke(RepositoryMethodInvoker.java:158)
	at org.springframework.data.repository.core.support.RepositoryComposition$RepositoryFragments.invoke(RepositoryComposition.java:515)
	at org.springframework.data.repository.core.support.RepositoryComposition.invoke(RepositoryComposition.java:284)
	at org.springframework.data.repository.core.support.RepositoryFactorySupport$ImplementationMethodExecutionInterceptor.invoke(RepositoryFactorySupport.java:720)
	at org.springframework.aop.framework.ReflectiveMethodInvocation.proceed(ReflectiveMethodInvocation.java:184)
	at org.springframework.data.repository.core.support.QueryExecutorMethodInterceptor.doInvoke(QueryExecutorMethodInterceptor.java:174)
	at org.springframework.data.repository.core.support.QueryExecutorMethodInterceptor.invoke(QueryExecutorMethodInterceptor.java:149)
	at org.springframework.aop.framework.ReflectiveMethodInvocation.proceed(ReflectiveMethodInvocation.java:184)
	at org.springframework.data.projection.DefaultMethodInvokingMethodInterceptor.invoke(DefaultMethodInvokingMethodInterceptor.java:69)
	at org.springframework.aop.framework.ReflectiveMethodInvocation.proceed(ReflectiveMethodInvocation.java:184)
	at org.springframework.data.mongodb.repository.support.CrudMethodMetadataPostProcessor$CrudMethodMetadataPopulatingMethodInterceptor.invoke(CrudMethodMetadataPostProcessor.java:158)
	at org.springframework.aop.framework.ReflectiveMethodInvocation.proceed(ReflectiveMethodInvocation.java:184)
	at org.springframework.aop.framework.JdkDynamicAopProxy.invoke(JdkDynamicAopProxy.java:223)
	at jdk.proxy2/jdk.proxy2.$Proxy73.save(Unknown Source)
	at com.projects.journalApp.service.UserService.saveNewUser(UserService.java:32)
	at com.projects.journalApp.controller.PublicController.createUser(PublicController.java:22)
	at java.base/jdk.internal.reflect.DirectMethodHandleAccessor.invoke(DirectMethodHandleAccessor.java:103)
	at java.base/java.lang.reflect.Method.invoke(Method.java:580)
	at org.springframework.web.method.support.InvocableHandlerMethod.doInvoke(InvocableHandlerMethod.java:258)
	at org.springframework.web.method.support.InvocableHandlerMethod.invokeForRequest(InvocableHandlerMethod.java:191)
	at org.springframework.web.servlet.mvc.method.annotation.ServletInvocableHandlerMethod.invokeAndHandle(ServletInvocableHandlerMethod.java:118)
	at org.springframework.web.servlet.mvc.method.annotation.RequestMappingHandlerAdapter.invokeHandlerMethod(RequestMappingHandlerAdapter.java:991)
	at org.springframework.web.servlet.mvc.method.annotation.RequestMappingHandlerAdapter.handleInternal(RequestMappingHandlerAdapter.java:896)
	at org.springframework.web.servlet.mvc.method.AbstractHandlerMethodAdapter.handle(AbstractHandlerMethodAdapter.java:87)
	at org.springframework.web.servlet.DispatcherServlet.doDispatch(DispatcherServlet.java:1089)
	at org.springframework.web.servlet.DispatcherServlet.doService(DispatcherServlet.java:979)
	at org.springframework.web.servlet.FrameworkServlet.processRequest(FrameworkServlet.java:1014)
	at org.springframework.web.servlet.FrameworkServlet.doPost(FrameworkServlet.java:914)
	at jakarta.servlet.http.HttpServlet.service(HttpServlet.java:590)
	at org.springframework.web.servlet.FrameworkServlet.service(FrameworkServlet.java:885)
	at jakarta.servlet.http.HttpServlet.service(HttpServlet.java:658)
	at org.apache.catalina.core.ApplicationFilterChain.internalDoFilter(ApplicationFilterChain.java:193)
	at org.apache.catalina.core.ApplicationFilterChain.doFilter(ApplicationFilterChain.java:138)
	at org.apache.tomcat.websocket.server.WsFilter.doFilter(WsFilter.java:51)
	at org.apache.catalina.core.ApplicationFilterChain.internalDoFilter(ApplicationFilterChain.java:162)
	at org.apache.catalina.core.ApplicationFilterChain.doFilter(ApplicationFilterChain.java:138)
	at org.springframework.web.filter.CompositeFilter$VirtualFilterChain.doFilter(CompositeFilter.java:108)
	at org.springframework.web.filter.CompositeFilter$VirtualFilterChain.doFilter(CompositeFilter.java:108)
	at org.springframework.security.web.FilterChainProxy.lambda$doFilterInternal$3(FilterChainProxy.java:231)
	at org.springframework.security.web.FilterChainProxy$VirtualFilterChain.doFilter(FilterChainProxy.java:365)
	at org.springframework.security.web.access.intercept.AuthorizationFilter.doFilter(AuthorizationFilter.java:101)
	at org.springframework.security.web.FilterChainProxy$VirtualFilterChain.doFilter(FilterChainProxy.java:374)
	at org.springframework.security.web.access.ExceptionTranslationFilter.doFilter(ExceptionTranslationFilter.java:125)
	at org.springframework.security.web.access.ExceptionTranslationFilter.doFilter(ExceptionTranslationFilter.java:119)
	at org.springframework.security.web.FilterChainProxy$VirtualFilterChain.doFilter(FilterChainProxy.java:374)
	at org.springframework.security.web.session.SessionManagementFilter.doFilter(SessionManagementFilter.java:131)
	at org.springframework.security.web.session.SessionManagementFilter.doFilter(SessionManagementFilter.java:85)
	at org.springframework.security.web.FilterChainProxy$VirtualFilterChain.doFilter(FilterChainProxy.java:374)
	at org.springframework.security.web.authentication.AnonymousAuthenticationFilter.doFilter(AnonymousAuthenticationFilter.java:100)
	at org.springframework.security.web.FilterChainProxy$VirtualFilterChain.doFilter(FilterChainProxy.java:374)
	at org.springframework.security.web.servletapi.SecurityContextHolderAwareRequestFilter.doFilter(SecurityContextHolderAwareRequestFilter.java:179)
	at org.springframework.security.web.FilterChainProxy$VirtualFilterChain.doFilter(FilterChainProxy.java:374)
	at org.springframework.security.web.savedrequest.RequestCacheAwareFilter.doFilter(RequestCacheAwareFilter.java:63)
	at org.springframework.security.web.FilterChainProxy$VirtualFilterChain.doFilter(FilterChainProxy.java:374)
	at org.springframework.security.web.authentication.www.BasicAuthenticationFilter.doFilterInternal(BasicAuthenticationFilter.java:181)
	at org.springframework.web.filter.OncePerRequestFilter.doFilter(OncePerRequestFilter.java:116)
	at org.springframework.security.web.FilterChainProxy$VirtualFilterChain.doFilter(FilterChainProxy.java:374)
	at org.springframework.security.web.authentication.logout.LogoutFilter.doFilter(LogoutFilter.java:107)
	at org.springframework.security.web.authentication.logout.LogoutFilter.doFilter(LogoutFilter.java:93)
	at org.springframework.security.web.FilterChainProxy$VirtualFilterChain.doFilter(FilterChainProxy.java:374)
	at org.springframework.security.web.header.HeaderWriterFilter.doHeadersAfter(HeaderWriterFilter.java:90)
	at org.springframework.security.web.header.HeaderWriterFilter.doFilterInternal(HeaderWriterFilter.java:75)
	at org.springframework.web.filter.OncePerRequestFilter.doFilter(OncePerRequestFilter.java:116)
	at org.springframework.security.web.FilterChainProxy$VirtualFilterChain.doFilter(FilterChainProxy.java:374)
	at org.springframework.security.web.context.SecurityContextHolderFilter.doFilter(SecurityContextHolderFilter.java:82)
	at org.springframework.security.web.context.SecurityContextHolderFilter.doFilter(SecurityContextHolderFilter.java:69)
	at org.springframework.security.web.FilterChainProxy$VirtualFilterChain.doFilter(FilterChainProxy.java:374)
	at org.springframework.security.web.context.request.async.WebAsyncManagerIntegrationFilter.doFilterInternal(WebAsyncManagerIntegrationFilter.java:62)
	at org.springframework.web.filter.OncePerRequestFilter.doFilter(OncePerRequestFilter.java:116)
	at org.springframework.security.web.FilterChainProxy$VirtualFilterChain.doFilter(FilterChainProxy.java:374)
	at org.springframework.security.web.session.DisableEncodeUrlFilter.doFilterInternal(DisableEncodeUrlFilter.java:42)
	at org.springframework.web.filter.OncePerRequestFilter.doFilter(OncePerRequestFilter.java:116)
	at org.springframework.security.web.FilterChainProxy$VirtualFilterChain.doFilter(FilterChainProxy.java:374)
	at org.springframework.security.web.FilterChainProxy.doFilterInternal(FilterChainProxy.java:233)
	at org.springframework.security.web.FilterChainProxy.doFilter(FilterChainProxy.java:191)
	at org.springframework.web.filter.CompositeFilter$VirtualFilterChain.doFilter(CompositeFilter.java:113)
	at org.springframework.web.filter.ServletRequestPathFilter.doFilter(ServletRequestPathFilter.java:52)
	at org.springframework.web.filter.CompositeFilter$VirtualFilterChain.doFilter(CompositeFilter.java:113)
	at org.springframework.web.filter.CompositeFilter.doFilter(CompositeFilter.java:74)
	at org.springframework.security.config.annotation.web.configuration.WebSecurityConfiguration$CompositeFilterChainProxy.doFilter(WebSecurityConfiguration.java:319)
	at org.springframework.web.filter.CompositeFilter$VirtualFilterChain.doFilter(CompositeFilter.java:113)
	at org.springframework.web.servlet.handler.HandlerMappingIntrospector.lambda$createCacheFilter$4(HandlerMappingIntrospector.java:267)
	at org.springframework.web.filter.CompositeFilter$VirtualFilterChain.doFilter(CompositeFilter.java:113)
	at org.springframework.web.filter.CompositeFilter.doFilter(CompositeFilter.java:74)
	at org.springframework.security.config.annotation.web.configuration.WebMvcSecurityConfiguration$CompositeFilterChainProxy.doFilter(WebMvcSecurityConfiguration.java:240)
	at org.springframework.web.filter.DelegatingFilterProxy.invokeDelegate(DelegatingFilterProxy.java:362)
	at org.springframework.web.filter.DelegatingFilterProxy.doFilter(DelegatingFilterProxy.java:278)
	at org.apache.catalina.core.ApplicationFilterChain.internalDoFilter(ApplicationFilterChain.java:162)
	at org.apache.catalina.core.ApplicationFilterChain.doFilter(ApplicationFilterChain.java:138)
	at org.springframework.web.filter.RequestContextFilter.doFilterInternal(RequestContextFilter.java:100)
	at org.springframework.web.filter.OncePerRequestFilter.doFilter(OncePerRequestFilter.java:116)
	at org.apache.catalina.core.ApplicationFilterChain.internalDoFilter(ApplicationFilterChain.java:162)
	at org.apache.catalina.core.ApplicationFilterChain.doFilter(ApplicationFilterChain.java:138)
	at org.springframework.web.filter.FormContentFilter.doFilterInternal(FormContentFilter.java:93)
	at org.springframework.web.filter.OncePerRequestFilter.doFilter(OncePerRequestFilter.java:116)
	at org.apache.catalina.core.ApplicationFilterChain.internalDoFilter(ApplicationFilterChain.java:162)
	at org.apache.catalina.core.ApplicationFilterChain.doFilter(ApplicationFilterChain.java:138)
	at org.springframework.web.filter.CharacterEncodingFilter.doFilterInternal(CharacterEncodingFilter.java:201)
	at org.springframework.web.filter.OncePerRequestFilter.doFilter(OncePerRequestFilter.java:116)
	at org.apache.catalina.core.ApplicationFilterChain.internalDoFilter(ApplicationFilterChain.java:162)
	at org.apache.catalina.core.ApplicationFilterChain.doFilter(ApplicationFilterChain.java:138)
	at org.apache.catalina.core.StandardWrapperValve.invoke(StandardWrapperValve.java:165)
	at org.apache.catalina.core.StandardContextValve.invoke(StandardContextValve.java:88)
	at org.apache.catalina.authenticator.AuthenticatorBase.invoke(AuthenticatorBase.java:482)
	at org.apache.catalina.core.StandardHostValve.invoke(StandardHostValve.java:113)
	at org.apache.catalina.valves.ErrorReportValve.invoke(ErrorReportValve.java:83)
	at org.apache.catalina.core.StandardEngineValve.invoke(StandardEngineValve.java:72)
	at org.apache.catalina.connector.CoyoteAdapter.service(CoyoteAdapter.java:342)
	at org.apache.coyote.http11.Http11Processor.service(Http11Processor.java:399)
	at org.apache.coyote.AbstractProcessorLight.process(AbstractProcessorLight.java:63)
	at org.apache.coyote.AbstractProtocol$ConnectionHandler.process(AbstractProtocol.java:903)
	at org.apache.tomcat.util.net.NioEndpoint$SocketProcessor.doRun(NioEndpoint.java:1774)
	at org.apache.tomcat.util.net.SocketProcessorBase.run(SocketProcessorBase.java:52)
	at org.apache.tomcat.util.threads.ThreadPoolExecutor.runWorker(ThreadPoolExecutor.java:973)
	at org.apache.tomcat.util.threads.ThreadPoolExecutor$Worker.run(ThreadPoolExecutor.java:491)
	at org.apache.tomcat.util.threads.TaskThread$WrappingRunnable.run(TaskThread.java:63)
	at java.base/java.lang.Thread.run(Thread.java:1583)
Caused by: com.mongodb.MongoWriteException: Write operation error on server ac-pohkany-shard-00-02.q5buneu.mongodb.net:27017. Write error: WriteError{code=11000, message='E11000 duplicate key error collection: journaldb.users index: userName dup key: { userName: "Ayushi" }', details={}}.
	at com.mongodb.client.internal.MongoCollectionImpl.executeSingleWriteRequest(MongoCollectionImpl.java:1123)
	at com.mongodb.client.internal.MongoCollectionImpl.executeInsertOne(MongoCollectionImpl.java:498)
	at com.mongodb.client.internal.MongoCollectionImpl.insertOne(MongoCollectionImpl.java:481)
	at com.mongodb.client.internal.MongoCollectionImpl.insertOne(MongoCollectionImpl.java:475)
	at org.springframework.data.mongodb.core.MongoTemplate.lambda$insertDocument$17(MongoTemplate.java:1574)
	at org.springframework.data.mongodb.core.MongoTemplate.execute(MongoTemplate.java:616)
	... 126 common frames omitted
2026-01-08 09:22:02.590 [SpringApplicationShutdownHook] INFO  o.s.b.w.e.tomcat.GracefulShutdown - Commencing graceful shutdown. Waiting for active requests to complete
2026-01-08 09:22:02.611 [tomcat-shutdown] INFO  o.s.b.w.e.tomcat.GracefulShutdown - Graceful shutdown complete
2026-01-08 09:22:05.625 [main] INFO  c.p.journalApp.JournalApplication - Starting JournalApplication using Java 21.0.1 with PID 16456 (D:\IndustryLearning\journal-app\journalApp\target\classes started by LENOVO in D:\IndustryLearning\journal-app)
2026-01-08 09:22:05.629 [main] INFO  c.p.journalApp.JournalApplication - The following 1 profile is active: "dev"
2026-01-08 09:22:06.506 [main] INFO  o.s.d.r.c.RepositoryConfigurationDelegate - Bootstrapping Spring Data MongoDB repositories in DEFAULT mode.
2026-01-08 09:22:06.601 [main] INFO  o.s.d.r.c.RepositoryConfigurationDelegate - Finished Spring Data repository scanning in 80 ms. Found 2 MongoDB repository interfaces.
2026-01-08 09:22:07.216 [main] INFO  o.s.b.w.e.tomcat.TomcatWebServer - Tomcat initialized with port 8080 (http)
2026-01-08 09:22:07.227 [main] INFO  o.a.coyote.http11.Http11NioProtocol - Initializing ProtocolHandler ["http-nio-8080"]
2026-01-08 09:22:07.229 [main] INFO  o.a.catalina.core.StandardService - Starting service [Tomcat]
2026-01-08 09:22:07.229 [main] INFO  o.a.catalina.core.StandardEngine - Starting Servlet engine: [Apache Tomcat/10.1.50]
2026-01-08 09:22:07.286 [main] INFO  o.a.c.c.C.[Tomcat].[localhost].[/] - Initializing Spring embedded WebApplicationContext
2026-01-08 09:22:07.287 [main] INFO  o.s.b.w.s.c.ServletWebServerApplicationContext - Root WebApplicationContext: initialization completed in 1593 ms
2026-01-08 09:22:07.672 [main] INFO  org.mongodb.driver.client - MongoClient with metadata {"application": {"name": "Cluster0"}, "driver": {"name": "mongo-java-driver|sync|spring-boot", "version": "5.5.2"}, "os": {"type": "Windows", "name": "Windows 11", "architecture": "amd64", "version": "10.0"}, "platform": "Java/Oracle Corporation/21.0.1+12-LTS-29"} created with settings MongoClientSettings{readPreference=primary, writeConcern=WriteConcern{w=null, wTimeout=null ms, journal=null}, retryWrites=true, retryReads=true, readConcern=ReadConcern{level=null}, credential=MongoCredential{mechanism=null, userName='ayushianand088_db_user', source='admin', password=<hidden>, mechanismProperties=<hidden>}, transportSettings=null, commandListeners=[], codecRegistry=ProvidersCodecRegistry{codecProviders=[ValueCodecProvider{}, BsonValueCodecProvider{}, DBRefCodecProvider{}, DBObjectCodecProvider{}, DocumentCodecProvider{}, CollectionCodecProvider{}, IterableCodecProvider{}, MapCodecProvider{}, GeoJsonCodecProvider{}, GridFSFileCodecProvider{}, Jsr310CodecProvider{}, JsonObjectCodecProvider{}, BsonCodecProvider{}, EnumCodecProvider{}, com.mongodb.client.model.mql.ExpressionCodecProvider@7f3fc42f, com.mongodb.Jep395RecordCodecProvider@25a1a012, com.mongodb.KotlinCodecProvider@ce12fbb]}, loggerSettings=LoggerSettings{maxDocumentLength=1000}, clusterSettings={hosts=[127.0.0.1:27017], srvHost=cluster0.q5buneu.mongodb.net, srvServiceName=mongodb, mode=MULTIPLE, requiredClusterType=REPLICA_SET, requiredReplicaSetName='atlas-u0k0u1-shard-0', serverSelector='null', clusterListeners='[]', serverSelectionTimeout='30000 ms', localThreshold='15 ms'}, socketSettings=SocketSettings{connectTimeoutMS=10000, readTimeoutMS=0, receiveBufferSize=0, proxySettings=ProxySettings{host=null, port=null, username=null, password=null}}, heartbeatSocketSettings=SocketSettings{connectTimeoutMS=10000, readTimeoutMS=10000, receiveBufferSize=0, proxySettings=ProxySettings{host=null, port=null, username=null, password=null}}, connectionPoolSettings=ConnectionPoolSettings{maxSize=100, minSize=0, maxWaitTimeMS=120000, maxConnectionLifeTimeMS=0, maxConnectionIdleTimeMS=0, maintenanceInitialDelayMS=0, maintenanceFrequencyMS=60000, connectionPoolListeners=[], maxConnecting=2}, serverSettings=ServerSettings{heartbeatFrequencyMS=10000, minHeartbeatFrequencyMS=500, serverMonitoringMode=AUTO, serverListeners='[]', serverMonitorListeners='[]'}, sslSettings=SslSettings{enabled=true, invalidHostNameAllowed=false, context=null}, applicationName='Cluster0', compressorList=[], uuidRepresentation=JAVA_LEGACY, serverApi=null, autoEncryptionSettings=null, dnsClient=null, inetAddressResolver=null, contextProvider=null, timeoutMS=null}
2026-01-08 09:22:07.694 [cluster-ClusterId{value='695f29e71ff6f1dd9c78b0cd', description='Cluster0'}-srv-cluster0.q5buneu.mongodb.net] INFO  org.mongodb.driver.cluster - Adding discovered server ac-pohkany-shard-00-02.q5buneu.mongodb.net:27017 to client view of cluster
2026-01-08 09:22:07.757 [cluster-ClusterId{value='695f29e71ff6f1dd9c78b0cd', description='Cluster0'}-srv-cluster0.q5buneu.mongodb.net] INFO  org.mongodb.driver.cluster - Adding discovered server ac-pohkany-shard-00-00.q5buneu.mongodb.net:27017 to client view of cluster
2026-01-08 09:22:07.760 [cluster-ClusterId{value='695f29e71ff6f1dd9c78b0cd', description='Cluster0'}-srv-cluster0.q5buneu.mongodb.net] INFO  org.mongodb.driver.cluster - Adding discovered server ac-pohkany-shard-00-01.q5buneu.mongodb.net:27017 to client view of cluster
2026-01-08 09:22:08.123 [main] INFO  org.mongodb.driver.cluster - Waiting for server to become available for operation with ID 5. Remaining time: 29983 ms. Selector: WritableServerSelector, topology description: {type=REPLICA_SET, servers=[{address=ac-pohkany-shard-00-02.q5buneu.mongodb.net:27017, type=UNKNOWN, state=CONNECTING}, {address=ac-pohkany-shard-00-01.q5buneu.mongodb.net:27017, type=UNKNOWN, state=CONNECTING}, {address=ac-pohkany-shard-00-00.q5buneu.mongodb.net:27017, type=UNKNOWN, state=CONNECTING}].
2026-01-08 09:22:08.438 [cluster-ClusterId{value='695f29e71ff6f1dd9c78b0cd', description='Cluster0'}-ac-pohkany-shard-00-01.q5buneu.mongodb.net:27017] INFO  org.mongodb.driver.cluster - Monitor thread successfully connected to server with description ServerDescription{address=ac-pohkany-shard-00-01.q5buneu.mongodb.net:27017, type=REPLICA_SET_SECONDARY, cryptd=false, state=CONNECTED, ok=true, minWireVersion=0, maxWireVersion=25, maxDocumentSize=16777216, logicalSessionTimeoutMinutes=30, roundTripTimeNanos=327737000, minRoundTripTimeNanos=0, setName='atlas-u0k0u1-shard-0', canonicalAddress=ac-pohkany-shard-00-01.q5buneu.mongodb.net:27017, hosts=[ac-pohkany-shard-00-00.q5buneu.mongodb.net:27017, ac-pohkany-shard-00-01.q5buneu.mongodb.net:27017, ac-pohkany-shard-00-02.q5buneu.mongodb.net:27017], passives=[], arbiters=[], primary='ac-pohkany-shard-00-02.q5buneu.mongodb.net:27017', tagSet=TagSet{[Tag{name='availabilityZone', value='aps1-az3'}, Tag{name='diskState', value='READY'}, Tag{name='nodeType', value='ELECTABLE'}, Tag{name='provider', value='AWS'}, Tag{name='region', value='AP_SOUTH_1'}, Tag{name='workloadType', value='OPERATIONAL'}]}, electionId=null, setVersion=46, topologyVersion=TopologyVersion{processId=6942c6b50dd0e3bb04d27999, counter=3}, lastWriteDate=Thu Jan 08 09:22:07 IST 2026, lastUpdateTimeNanos=261171631332900}
2026-01-08 09:22:08.438 [cluster-ClusterId{value='695f29e71ff6f1dd9c78b0cd', description='Cluster0'}-ac-pohkany-shard-00-00.q5buneu.mongodb.net:27017] INFO  org.mongodb.driver.cluster - Monitor thread successfully connected to server with description ServerDescription{address=ac-pohkany-shard-00-00.q5buneu.mongodb.net:27017, type=REPLICA_SET_SECONDARY, cryptd=false, state=CONNECTED, ok=true, minWireVersion=0, maxWireVersion=25, maxDocumentSize=16777216, logicalSessionTimeoutMinutes=30, roundTripTimeNanos=328360200, minRoundTripTimeNanos=0, setName='atlas-u0k0u1-shard-0', canonicalAddress=ac-pohkany-shard-00-00.q5buneu.mongodb.net:27017, hosts=[ac-pohkany-shard-00-00.q5buneu.mongodb.net:27017, ac-pohkany-shard-00-01.q5buneu.mongodb.net:27017, ac-pohkany-shard-00-02.q5buneu.mongodb.net:27017], passives=[], arbiters=[], primary='ac-pohkany-shard-00-02.q5buneu.mongodb.net:27017', tagSet=TagSet{[Tag{name='availabilityZone', value='aps1-az1'}, Tag{name='diskState', value='READY'}, Tag{name='nodeType', value='ELECTABLE'}, Tag{name='provider', value='AWS'}, Tag{name='region', value='AP_SOUTH_1'}, Tag{name='workloadType', value='OPERATIONAL'}]}, electionId=null, setVersion=46, topologyVersion=TopologyVersion{processId=6942c63decaea432560f418e, counter=4}, lastWriteDate=Thu Jan 08 09:22:07 IST 2026, lastUpdateTimeNanos=261171631333000}
2026-01-08 09:22:08.438 [cluster-ClusterId{value='695f29e71ff6f1dd9c78b0cd', description='Cluster0'}-ac-pohkany-shard-00-02.q5buneu.mongodb.net:27017] INFO  org.mongodb.driver.cluster - Monitor thread successfully connected to server with description ServerDescription{address=ac-pohkany-shard-00-02.q5buneu.mongodb.net:27017, type=REPLICA_SET_PRIMARY, cryptd=false, state=CONNECTED, ok=true, minWireVersion=0, maxWireVersion=25, maxDocumentSize=16777216, logicalSessionTimeoutMinutes=30, roundTripTimeNanos=328360200, minRoundTripTimeNanos=0, setName='atlas-u0k0u1-shard-0', canonicalAddress=ac-pohkany-shard-00-02.q5buneu.mongodb.net:27017, hosts=[ac-pohkany-shard-00-00.q5buneu.mongodb.net:27017, ac-pohkany-shard-00-01.q5buneu.mongodb.net:27017, ac-pohkany-shard-00-02.q5buneu.mongodb.net:27017], passives=[], arbiters=[], primary='ac-pohkany-shard-00-02.q5buneu.mongodb.net:27017', tagSet=TagSet{[Tag{name='availabilityZone', value='aps1-az2'}, Tag{name='diskState', value='READY'}, Tag{name='nodeType', value='ELECTABLE'}, Tag{name='provider', value='AWS'}, Tag{name='region', value='AP_SOUTH_1'}, Tag{name='workloadType', value='OPERATIONAL'}]}, electionId=7fffffff0000000000000101, setVersion=46, topologyVersion=TopologyVersion{processId=6942c679fb33d15a50877229, counter=6}, lastWriteDate=Thu Jan 08 09:22:07 IST 2026, lastUpdateTimeNanos=261171631333000}
2026-01-08 09:22:08.444 [cluster-ClusterId{value='695f29e71ff6f1dd9c78b0cd', description='Cluster0'}-ac-pohkany-shard-00-02.q5buneu.mongodb.net:27017] INFO  org.mongodb.driver.cluster - Discovered replica set primary ac-pohkany-shard-00-02.q5buneu.mongodb.net:27017 with max election id 7fffffff0000000000000101 and max set version 46
2026-01-08 09:22:09.262 [main] INFO  o.s.s.c.a.a.c.InitializeUserDetailsBeanManagerConfigurer$InitializeUserDetailsManagerConfigurer - Global AuthenticationManager configured with UserDetailsService bean with name customUserDetailsServiceImpl
2026-01-08 09:22:09.612 [main] INFO  o.a.coyote.http11.Http11NioProtocol - Starting ProtocolHandler ["http-nio-8080"]
2026-01-08 09:22:09.631 [main] INFO  o.s.b.w.e.tomcat.TomcatWebServer - Tomcat started on port 8080 (http) with context path '/'
2026-01-08 09:22:09.640 [main] INFO  c.p.journalApp.JournalApplication - Started JournalApplication in 4.551 seconds (process running for 5.232)
2026-01-08 09:25:49.635 [SpringApplicationShutdownHook] INFO  o.s.b.w.e.tomcat.GracefulShutdown - Commencing graceful shutdown. Waiting for active requests to complete
2026-01-08 09:25:49.649 [tomcat-shutdown] INFO  o.s.b.w.e.tomcat.GracefulShutdown - Graceful shutdown complete
2026-01-08 09:25:52.721 [main] INFO  c.p.journalApp.JournalApplication - Starting JournalApplication using Java 21.0.1 with PID 5388 (D:\IndustryLearning\journal-app\journalApp\target\classes started by LENOVO in D:\IndustryLearning\journal-app)
2026-01-08 09:25:52.724 [main] INFO  c.p.journalApp.JournalApplication - The following 1 profile is active: "dev"
2026-01-08 09:25:53.824 [main] INFO  o.s.d.r.c.RepositoryConfigurationDelegate - Bootstrapping Spring Data MongoDB repositories in DEFAULT mode.
2026-01-08 09:25:53.902 [main] INFO  o.s.d.r.c.RepositoryConfigurationDelegate - Finished Spring Data repository scanning in 66 ms. Found 2 MongoDB repository interfaces.
2026-01-08 09:25:55.068 [main] INFO  o.s.b.w.e.tomcat.TomcatWebServer - Tomcat initialized with port 8080 (http)
2026-01-08 09:25:55.084 [main] INFO  o.a.coyote.http11.Http11NioProtocol - Initializing ProtocolHandler ["http-nio-8080"]
2026-01-08 09:25:55.086 [main] INFO  o.a.catalina.core.StandardService - Starting service [Tomcat]
2026-01-08 09:25:55.086 [main] INFO  o.a.catalina.core.StandardEngine - Starting Servlet engine: [Apache Tomcat/10.1.50]
2026-01-08 09:25:55.151 [main] INFO  o.a.c.c.C.[Tomcat].[localhost].[/] - Initializing Spring embedded WebApplicationContext
2026-01-08 09:25:55.152 [main] INFO  o.s.b.w.s.c.ServletWebServerApplicationContext - Root WebApplicationContext: initialization completed in 2345 ms
2026-01-08 09:25:55.599 [cluster-ClusterId{value='695f2acbd119b5318fa22d29', description='Cluster0'}-srv-cluster0.q5buneu.mongodb.net] INFO  org.mongodb.driver.cluster - Adding discovered server ac-pohkany-shard-00-02.q5buneu.mongodb.net:27017 to client view of cluster
2026-01-08 09:25:55.607 [main] INFO  org.mongodb.driver.client - MongoClient with metadata {"application": {"name": "Cluster0"}, "driver": {"name": "mongo-java-driver|sync|spring-boot", "version": "5.5.2"}, "os": {"type": "Windows", "name": "Windows 11", "architecture": "amd64", "version": "10.0"}, "platform": "Java/Oracle Corporation/21.0.1+12-LTS-29"} created with settings MongoClientSettings{readPreference=primary, writeConcern=WriteConcern{w=null, wTimeout=null ms, journal=null}, retryWrites=true, retryReads=true, readConcern=ReadConcern{level=null}, credential=MongoCredential{mechanism=null, userName='ayushianand088_db_user', source='admin', password=<hidden>, mechanismProperties=<hidden>}, transportSettings=null, commandListeners=[], codecRegistry=ProvidersCodecRegistry{codecProviders=[ValueCodecProvider{}, BsonValueCodecProvider{}, DBRefCodecProvider{}, DBObjectCodecProvider{}, DocumentCodecProvider{}, CollectionCodecProvider{}, IterableCodecProvider{}, MapCodecProvider{}, GeoJsonCodecProvider{}, GridFSFileCodecProvider{}, Jsr310CodecProvider{}, JsonObjectCodecProvider{}, BsonCodecProvider{}, EnumCodecProvider{}, com.mongodb.client.model.mql.ExpressionCodecProvider@1a21f43f, com.mongodb.Jep395RecordCodecProvider@7f0a133d, com.mongodb.KotlinCodecProvider@241fbec]}, loggerSettings=LoggerSettings{maxDocumentLength=1000}, clusterSettings={hosts=[127.0.0.1:27017], srvHost=cluster0.q5buneu.mongodb.net, srvServiceName=mongodb, mode=MULTIPLE, requiredClusterType=REPLICA_SET, requiredReplicaSetName='atlas-u0k0u1-shard-0', serverSelector='null', clusterListeners='[]', serverSelectionTimeout='30000 ms', localThreshold='15 ms'}, socketSettings=SocketSettings{connectTimeoutMS=10000, readTimeoutMS=0, receiveBufferSize=0, proxySettings=ProxySettings{host=null, port=null, username=null, password=null}}, heartbeatSocketSettings=SocketSettings{connectTimeoutMS=10000, readTimeoutMS=10000, receiveBufferSize=0, proxySettings=ProxySettings{host=null, port=null, username=null, password=null}}, connectionPoolSettings=ConnectionPoolSettings{maxSize=100, minSize=0, maxWaitTimeMS=120000, maxConnectionLifeTimeMS=0, maxConnectionIdleTimeMS=0, maintenanceInitialDelayMS=0, maintenanceFrequencyMS=60000, connectionPoolListeners=[], maxConnecting=2}, serverSettings=ServerSettings{heartbeatFrequencyMS=10000, minHeartbeatFrequencyMS=500, serverMonitoringMode=AUTO, serverListeners='[]', serverMonitorListeners='[]'}, sslSettings=SslSettings{enabled=true, invalidHostNameAllowed=false, context=null}, applicationName='Cluster0', compressorList=[], uuidRepresentation=JAVA_LEGACY, serverApi=null, autoEncryptionSettings=null, dnsClient=null, inetAddressResolver=null, contextProvider=null, timeoutMS=null}
2026-01-08 09:25:55.640 [cluster-ClusterId{value='695f2acbd119b5318fa22d29', description='Cluster0'}-srv-cluster0.q5buneu.mongodb.net] INFO  org.mongodb.driver.cluster - Adding discovered server ac-pohkany-shard-00-00.q5buneu.mongodb.net:27017 to client view of cluster
2026-01-08 09:25:55.645 [cluster-ClusterId{value='695f2acbd119b5318fa22d29', description='Cluster0'}-srv-cluster0.q5buneu.mongodb.net] INFO  org.mongodb.driver.cluster - Adding discovered server ac-pohkany-shard-00-01.q5buneu.mongodb.net:27017 to client view of cluster
2026-01-08 09:25:56.110 [main] INFO  org.mongodb.driver.cluster - Waiting for server to become available for operation with ID 5. Remaining time: 29985 ms. Selector: WritableServerSelector, topology description: {type=REPLICA_SET, servers=[{address=ac-pohkany-shard-00-02.q5buneu.mongodb.net:27017, type=UNKNOWN, state=CONNECTING}, {address=ac-pohkany-shard-00-01.q5buneu.mongodb.net:27017, type=UNKNOWN, state=CONNECTING}, {address=ac-pohkany-shard-00-00.q5buneu.mongodb.net:27017, type=UNKNOWN, state=CONNECTING}].
2026-01-08 09:25:56.365 [cluster-ClusterId{value='695f2acbd119b5318fa22d29', description='Cluster0'}-ac-pohkany-shard-00-02.q5buneu.mongodb.net:27017] INFO  org.mongodb.driver.cluster - Monitor thread successfully connected to server with description ServerDescription{address=ac-pohkany-shard-00-02.q5buneu.mongodb.net:27017, type=REPLICA_SET_PRIMARY, cryptd=false, state=CONNECTED, ok=true, minWireVersion=0, maxWireVersion=25, maxDocumentSize=16777216, logicalSessionTimeoutMinutes=30, roundTripTimeNanos=332408700, minRoundTripTimeNanos=0, setName='atlas-u0k0u1-shard-0', canonicalAddress=ac-pohkany-shard-00-02.q5buneu.mongodb.net:27017, hosts=[ac-pohkany-shard-00-00.q5buneu.mongodb.net:27017, ac-pohkany-shard-00-01.q5buneu.mongodb.net:27017, ac-pohkany-shard-00-02.q5buneu.mongodb.net:27017], passives=[], arbiters=[], primary='ac-pohkany-shard-00-02.q5buneu.mongodb.net:27017', tagSet=TagSet{[Tag{name='availabilityZone', value='aps1-az2'}, Tag{name='diskState', value='READY'}, Tag{name='nodeType', value='ELECTABLE'}, Tag{name='provider', value='AWS'}, Tag{name='region', value='AP_SOUTH_1'}, Tag{name='workloadType', value='OPERATIONAL'}]}, electionId=7fffffff0000000000000101, setVersion=46, topologyVersion=TopologyVersion{processId=6942c679fb33d15a50877229, counter=6}, lastWriteDate=Thu Jan 08 09:25:55 IST 2026, lastUpdateTimeNanos=261399557484500}
2026-01-08 09:25:56.365 [cluster-ClusterId{value='695f2acbd119b5318fa22d29', description='Cluster0'}-ac-pohkany-shard-00-01.q5buneu.mongodb.net:27017] INFO  org.mongodb.driver.cluster - Monitor thread successfully connected to server with description ServerDescription{address=ac-pohkany-shard-00-01.q5buneu.mongodb.net:27017, type=REPLICA_SET_SECONDARY, cryptd=false, state=CONNECTED, ok=true, minWireVersion=0, maxWireVersion=25, maxDocumentSize=16777216, logicalSessionTimeoutMinutes=30, roundTripTimeNanos=332409100, minRoundTripTimeNanos=0, setName='atlas-u0k0u1-shard-0', canonicalAddress=ac-pohkany-shard-00-01.q5buneu.mongodb.net:27017, hosts=[ac-pohkany-shard-00-00.q5buneu.mongodb.net:27017, ac-pohkany-shard-00-01.q5buneu.mongodb.net:27017, ac-pohkany-shard-00-02.q5buneu.mongodb.net:27017], passives=[], arbiters=[], primary='ac-pohkany-shard-00-02.q5buneu.mongodb.net:27017', tagSet=TagSet{[Tag{name='availabilityZone', value='aps1-az3'}, Tag{name='diskState', value='READY'}, Tag{name='nodeType', value='ELECTABLE'}, Tag{name='provider', value='AWS'}, Tag{name='region', value='AP_SOUTH_1'}, Tag{name='workloadType', value='OPERATIONAL'}]}, electionId=null, setVersion=46, topologyVersion=TopologyVersion{processId=6942c6b50dd0e3bb04d27999, counter=3}, lastWriteDate=Thu Jan 08 09:25:55 IST 2026, lastUpdateTimeNanos=261399557484500}
2026-01-08 09:25:56.365 [cluster-ClusterId{value='695f2acbd119b5318fa22d29', description='Cluster0'}-ac-pohkany-shard-00-00.q5buneu.mongodb.net:27017] INFO  org.mongodb.driver.cluster - Monitor thread successfully connected to server with description ServerDescription{address=ac-pohkany-shard-00-00.q5buneu.mongodb.net:27017, type=REPLICA_SET_SECONDARY, cryptd=false, state=CONNECTED, ok=true, minWireVersion=0, maxWireVersion=25, maxDocumentSize=16777216, logicalSessionTimeoutMinutes=30, roundTripTimeNanos=244670000, minRoundTripTimeNanos=0, setName='atlas-u0k0u1-shard-0', canonicalAddress=ac-pohkany-shard-00-00.q5buneu.mongodb.net:27017, hosts=[ac-pohkany-shard-00-00.q5buneu.mongodb.net:27017, ac-pohkany-shard-00-01.q5buneu.mongodb.net:27017, ac-pohkany-shard-00-02.q5buneu.mongodb.net:27017], passives=[], arbiters=[], primary='ac-pohkany-shard-00-02.q5buneu.mongodb.net:27017', tagSet=TagSet{[Tag{name='availabilityZone', value='aps1-az1'}, Tag{name='diskState', value='READY'}, Tag{name='nodeType', value='ELECTABLE'}, Tag{name='provider', value='AWS'}, Tag{name='region', value='AP_SOUTH_1'}, Tag{name='workloadType', value='OPERATIONAL'}]}, electionId=null, setVersion=46, topologyVersion=TopologyVersion{processId=6942c63decaea432560f418e, counter=4}, lastWriteDate=Thu Jan 08 09:25:55 IST 2026, lastUpdateTimeNanos=261399557484500}
2026-01-08 09:25:56.368 [cluster-ClusterId{value='695f2acbd119b5318fa22d29', description='Cluster0'}-ac-pohkany-shard-00-02.q5buneu.mongodb.net:27017] INFO  org.mongodb.driver.cluster - Discovered replica set primary ac-pohkany-shard-00-02.q5buneu.mongodb.net:27017 with max election id 7fffffff0000000000000101 and max set version 46
2026-01-08 09:25:57.241 [main] INFO  o.s.s.c.a.a.c.InitializeUserDetailsBeanManagerConfigurer$InitializeUserDetailsManagerConfigurer - Global AuthenticationManager configured with UserDetailsService bean with name customUserDetailsServiceImpl
2026-01-08 09:25:57.632 [main] INFO  o.a.coyote.http11.Http11NioProtocol - Starting ProtocolHandler ["http-nio-8080"]
2026-01-08 09:25:57.642 [main] INFO  o.s.b.w.e.tomcat.TomcatWebServer - Tomcat started on port 8080 (http) with context path '/'
2026-01-08 09:25:57.653 [main] INFO  c.p.journalApp.JournalApplication - Started JournalApplication in 5.513 seconds (process running for 6.345)
